[2026-06-24 22:33:53] Starting concurrent launcher with maxParallel=4
[2026-06-24 22:33:53] Launched ppo_pogo_stick_hard_seed1_300eps pid=11600
[2026-06-24 22:33:53] Launched ppo_pogo_stick_hard_seed2_300eps pid=27928
[2026-06-24 22:33:54] Launched ppo_pogo_stick_hard_seed3_300eps pid=6640
[2026-06-24 22:33:54] Launched ppo_pogo_stick_hard_seed4_300eps pid=18440
[2026-06-25 01:12:44] Finished ppo_pogo_stick_hard_seed4_300eps exit_code=
[2026-06-25 01:12:44] Launched her_pogo_stick_hard_seed0_300eps pid=26204
[2026-06-25 01:22:14] Finished ppo_pogo_stick_hard_seed2_300eps exit_code=
[2026-06-25 01:22:14] Launched her_pogo_stick_hard_seed1_300eps pid=36928
[2026-06-25 01:22:29] Finished her_pogo_stick_hard_seed1_300eps exit_code=
[2026-06-25 01:22:29] Launched her_pogo_stick_hard_seed2_300eps pid=4900
[2026-06-25 01:22:44] Finished her_pogo_stick_hard_seed2_300eps exit_code=
[2026-06-25 01:22:44] Launched her_pogo_stick_hard_seed3_300eps pid=17544
[2026-06-25 01:22:59] Finished her_pogo_stick_hard_seed3_300eps exit_code=
[2026-06-25 01:22:59] Launched her_pogo_stick_hard_seed4_300eps pid=9956
[2026-06-25 01:23:14] Finished her_pogo_stick_hard_seed4_300eps exit_code=
[2026-06-25 01:27:59] Finished ppo_pogo_stick_hard_seed1_300eps exit_code=
[2026-06-25 01:29:44] Finished ppo_pogo_stick_hard_seed3_300eps exit_code=
[2026-06-25 02:52:17] Finished her_pogo_stick_hard_seed0_300eps exit_code=
[2026-06-25 02:52:17] Concurrent launcher complete
