[2026-06-24 00:33:05] Building CPU parallel queue
[2026-06-24 00:33:06] Launching ppo_pogo_stick_easy_seed1_300eps
[2026-06-24 00:33:06] Launching ppo_pogo_stick_easy_seed2_300eps
[2026-06-24 00:33:06] Launching ppo_pogo_stick_easy_seed3_300eps
[2026-06-24 00:33:06] Launching ppo_pogo_stick_easy_seed4_300eps
[2026-06-24 00:45:00] Launching ppo_pogo_stick_medium_seed0_300eps
[2026-06-24 00:45:01] Launching ppo_pogo_stick_medium_seed1_300eps
[2026-06-24 00:45:12] Launching ppo_pogo_stick_medium_seed2_300eps
[2026-06-24 00:45:14] Launching ppo_pogo_stick_medium_seed3_300eps
[2026-06-24 01:20:43] Launching ppo_pogo_stick_medium_seed4_300eps
[2026-06-24 01:21:26] Launching ppo_pogo_stick_hard_seed0_300eps
[2026-06-24 01:22:54] Launching ppo_pogo_stick_hard_seed1_300eps
[2026-06-24 01:24:16] Launching ppo_pogo_stick_hard_seed2_300eps
[2026-06-24 01:39:35] Launching ppo_pogo_stick_hard_seed3_300eps
[2026-06-24 01:51:31] Launching ppo_pogo_stick_hard_seed4_300eps
[2026-06-24 01:53:20] Launching her_pogo_stick_easy_seed0_300eps
[2026-06-24 01:56:18] Launching her_pogo_stick_easy_seed1_300eps
[2026-06-24 01:57:49] Launching her_pogo_stick_easy_seed2_300eps
[2026-06-24 01:58:25] Launching her_pogo_stick_easy_seed3_300eps
[2026-06-24 02:05:58] Launching her_pogo_stick_easy_seed4_300eps
[2026-06-24 02:09:18] Launching her_pogo_stick_medium_seed0_300eps
[2026-06-24 02:10:56] Launching her_pogo_stick_medium_seed1_300eps
[2026-06-24 02:11:51] Launching her_pogo_stick_medium_seed2_300eps
[2026-06-24 02:18:39] Launching her_pogo_stick_medium_seed3_300eps
[2026-06-24 02:48:23] Launching her_pogo_stick_medium_seed4_300eps
[2026-06-24 02:50:31] Launching her_pogo_stick_hard_seed0_300eps
[2026-06-24 02:50:36] Launching her_pogo_stick_hard_seed1_300eps
[2026-06-24 02:50:43] Launching her_pogo_stick_hard_seed2_300eps
[2026-06-24 02:50:50] Launching her_pogo_stick_hard_seed3_300eps
[2026-06-24 02:50:55] Launching her_pogo_stick_hard_seed4_300eps
[2026-06-24 03:16:18] CPU parallel queue finished
