requested_device=cpu
actual_device=cpu
algorithm=ppo
domain=pogo_stick
difficulty=easy
episodes=300
final_success_ma25=0.6000
cumulative_solution_length=11231
efficiency_episode_90pct=None
rl_backend=ppo
planner_backend_counts={'none': 1, 'metric_ff': 299}
planner_metric_ff_root=C:\Users\Arik\Documents\uni\ResearchMethods\external\Metric-FF\Metric-FF-v2.1
planner_metric_ff_binary_path=C:\Users\Arik\Documents\uni\ResearchMethods\external\Metric-FF\Metric-FF-v2.1\ff
planner_metric_ff_binary_available=True
planner_metric_ff_resolution_error=None
planner_allow_heuristic_fallback=False
planner_last_error=None
terminated_early=False
timeout_reason=None
metrics_csv=C:\Users\Arik\Documents\uni\ResearchMethods\logs\pogostick_sensitivity_20260624\ppo_pogo_stick_easy_seed0_300eps\episode_metrics.csv
plots=['C:\\Users\\Arik\\Documents\\uni\\ResearchMethods\\logs\\pogostick_sensitivity_20260624\\ppo_pogo_stick_easy_seed0_300eps\\reward_and_loss.png', 'C:\\Users\\Arik\\Documents\\uni\\ResearchMethods\\logs\\pogostick_sensitivity_20260624\\ppo_pogo_stick_easy_seed0_300eps\\success_and_steps.png', 'C:\\Users\\Arik\\Documents\\uni\\ResearchMethods\\logs\\pogostick_sensitivity_20260624\\ppo_pogo_stick_easy_seed0_300eps\\timing_and_planner.png']
